2018-11-22 12:05:35,993 - INFO - allennlp.common.registrable - instantiating registered subclass relu of <class 'allennlp.nn.activations.Activation'>
2018-11-22 12:05:35,994 - INFO - allennlp.common.registrable - instantiating registered subclass relu of <class 'allennlp.nn.activations.Activation'>
2018-11-22 12:05:35,995 - INFO - allennlp.common.registrable - instantiating registered subclass relu of <class 'allennlp.nn.activations.Activation'>
2018-11-22 12:05:35,996 - INFO - allennlp.common.registrable - instantiating registered subclass relu of <class 'allennlp.nn.activations.Activation'>
2018-11-22 12:05:36,403 - INFO - allennlp.common.params - random_seed = 13370
2018-11-22 12:05:36,404 - INFO - allennlp.common.params - numpy_seed = 1337
2018-11-22 12:05:36,404 - INFO - allennlp.common.params - pytorch_seed = 133
2018-11-22 12:05:36,406 - INFO - allennlp.common.checks - Pytorch version: 0.4.1
2018-11-22 12:05:36,753 - INFO - allennlp.common.from_params - instantiating class <class 'allennlp.data.dataset_readers.dataset_reader.DatasetReader'> from params {'source_token_indexers': {'tokens': {'namespace': 'source_tokens', 'type': 'single_id'}}, 'target_token_indexers': {'tokens': {'namespace': 'target_tokens'}}, 'type': 'seq2seq'} and extras {}
2018-11-22 12:05:36,754 - INFO - allennlp.common.params - dataset_reader.type = seq2seq
2018-11-22 12:05:36,754 - INFO - allennlp.common.from_params - instantiating class <class 'allennlp.data.dataset_readers.seq2seq.Seq2SeqDatasetReader'> from params {'source_token_indexers': {'tokens': {'namespace': 'source_tokens', 'type': 'single_id'}}, 'target_token_indexers': {'tokens': {'namespace': 'target_tokens'}}} and extras {}
2018-11-22 12:05:36,755 - INFO - allennlp.common.from_params - instantiating class allennlp.data.token_indexers.token_indexer.TokenIndexer from params {'namespace': 'source_tokens', 'type': 'single_id'} and extras {}
2018-11-22 12:05:36,755 - INFO - allennlp.common.params - dataset_reader.source_token_indexers.tokens.type = single_id
2018-11-22 12:05:36,755 - INFO - allennlp.common.from_params - instantiating class allennlp.data.token_indexers.single_id_token_indexer.SingleIdTokenIndexer from params {'namespace': 'source_tokens'} and extras {}
2018-11-22 12:05:36,755 - INFO - allennlp.common.params - dataset_reader.source_token_indexers.tokens.namespace = source_tokens
2018-11-22 12:05:36,755 - INFO - allennlp.common.params - dataset_reader.source_token_indexers.tokens.lowercase_tokens = False
2018-11-22 12:05:36,756 - INFO - allennlp.common.params - dataset_reader.source_token_indexers.tokens.start_tokens = None
2018-11-22 12:05:36,756 - INFO - allennlp.common.params - dataset_reader.source_token_indexers.tokens.end_tokens = None
2018-11-22 12:05:36,756 - INFO - allennlp.common.from_params - instantiating class allennlp.data.token_indexers.token_indexer.TokenIndexer from params {'namespace': 'target_tokens'} and extras {}
2018-11-22 12:05:36,756 - INFO - allennlp.common.params - dataset_reader.target_token_indexers.tokens.type = single_id
2018-11-22 12:05:36,756 - INFO - allennlp.common.from_params - instantiating class allennlp.data.token_indexers.single_id_token_indexer.SingleIdTokenIndexer from params {'namespace': 'target_tokens'} and extras {}
2018-11-22 12:05:36,756 - INFO - allennlp.common.params - dataset_reader.target_token_indexers.tokens.namespace = target_tokens
2018-11-22 12:05:36,756 - INFO - allennlp.common.params - dataset_reader.target_token_indexers.tokens.lowercase_tokens = False
2018-11-22 12:05:36,756 - INFO - allennlp.common.params - dataset_reader.target_token_indexers.tokens.start_tokens = None
2018-11-22 12:05:36,757 - INFO - allennlp.common.params - dataset_reader.target_token_indexers.tokens.end_tokens = None
2018-11-22 12:05:36,757 - INFO - allennlp.common.params - dataset_reader.source_add_start_token = True
2018-11-22 12:05:36,757 - INFO - allennlp.common.params - dataset_reader.lazy = False
2018-11-22 12:05:37,155 - INFO - allennlp.common.params - validation_dataset_reader = None
2018-11-22 12:05:37,155 - INFO - allennlp.common.params - train_data_path = /home/6/18M31289/groupdisk/matsumaru/data/wmt14_ende_sp/20k_train50.ende
2018-11-22 12:05:37,156 - INFO - allennlp.commands.train - Reading training data from /home/6/18M31289/groupdisk/matsumaru/data/wmt14_ende_sp/20k_train50.ende
0it [00:00, ?it/s]
2018-11-22 12:05:37,241 - INFO - allennlp.data.dataset_readers.seq2seq - Reading instances from lines in file at: /home/6/18M31289/groupdisk/matsumaru/data/wmt14_ende_sp/20k_train50.ende
6401it [00:10, 640.06it/s]
13264it [00:20, 650.65it/s]
20000it [00:29, 676.86it/s]

2018-11-22 12:06:06,705 - INFO - allennlp.common.params - validation_data_path = /home/6/18M31289/groupdisk/matsumaru/data/wmt14_ende_sp/valid.ende
2018-11-22 12:06:06,705 - INFO - allennlp.commands.train - Reading validation data from /home/6/18M31289/groupdisk/matsumaru/data/wmt14_ende_sp/valid.ende
0it [00:00, ?it/s]
2018-11-22 12:06:06,722 - INFO - allennlp.data.dataset_readers.seq2seq - Reading instances from lines in file at: /home/6/18M31289/groupdisk/matsumaru/data/wmt14_ende_sp/valid.ende
3003it [00:04, 623.70it/s]

2018-11-22 12:06:11,521 - INFO - allennlp.common.params - test_data_path = None
2018-11-22 12:06:11,521 - INFO - allennlp.commands.train - From dataset instances, validation, train will be considered for vocabulary creation.
2018-11-22 12:06:11,521 - INFO - allennlp.common.params - vocabulary.type = None
2018-11-22 12:06:11,521 - INFO - allennlp.common.params - vocabulary.extend = False
2018-11-22 12:06:11,521 - INFO - allennlp.common.params - vocabulary.directory_path = None
2018-11-22 12:06:11,521 - INFO - allennlp.common.params - vocabulary.min_count = None
2018-11-22 12:06:11,521 - INFO - allennlp.common.params - vocabulary.max_vocab_size = None
2018-11-22 12:06:11,521 - INFO - allennlp.common.params - vocabulary.non_padded_namespaces = ('*tags', '*labels')
2018-11-22 12:06:11,522 - INFO - allennlp.common.params - vocabulary.min_pretrained_embeddings = None
2018-11-22 12:06:11,522 - INFO - allennlp.common.params - vocabulary.only_include_pretrained_words = False
2018-11-22 12:06:11,522 - INFO - allennlp.common.params - vocabulary.tokens_to_add = None
2018-11-22 12:06:11,522 - INFO - allennlp.data.vocabulary - Fitting token dictionary from dataset.
0it [00:00, ?it/s]
23003it [00:04, 5072.98it/s]

2018-11-22 12:06:16,127 - INFO - allennlp.common.from_params - instantiating class <class 'allennlp.models.model.Model'> from params {'attention': {'type': 'dot_product'}, 'beam_size': 5, 'encoder': {'bidirectional': True, 'hidden_size': 300, 'input_size': 300, 'num_layers': 1, 'type': 'lstm'}, 'max_decoding_steps': 50, 'source_embedder': {'tokens': {'embedding_dim': 300, 'trainable': True, 'type': 'embedding', 'vocab_namespace': 'source_tokens'}}, 'target_embedding_dim': 300, 'target_namespace': 'target_tokens', 'type': 'simple_seq2seq'} and extras {'vocab': <allennlp.data.vocabulary.Vocabulary object at 0x2aabed8e3940>}
2018-11-22 12:06:16,128 - INFO - allennlp.common.params - model.type = simple_seq2seq
2018-11-22 12:06:16,128 - INFO - allennlp.common.from_params - instantiating class <class 'allennlp.models.encoder_decoders.simple_seq2seq.SimpleSeq2Seq'> from params {'attention': {'type': 'dot_product'}, 'beam_size': 5, 'encoder': {'bidirectional': True, 'hidden_size': 300, 'input_size': 300, 'num_layers': 1, 'type': 'lstm'}, 'max_decoding_steps': 50, 'source_embedder': {'tokens': {'embedding_dim': 300, 'trainable': True, 'type': 'embedding', 'vocab_namespace': 'source_tokens'}}, 'target_embedding_dim': 300, 'target_namespace': 'target_tokens'} and extras {'vocab': <allennlp.data.vocabulary.Vocabulary object at 0x2aabed8e3940>}
2018-11-22 12:06:16,128 - INFO - allennlp.common.from_params - instantiating class <class 'allennlp.modules.text_field_embedders.text_field_embedder.TextFieldEmbedder'> from params {'tokens': {'embedding_dim': 300, 'trainable': True, 'type': 'embedding', 'vocab_namespace': 'source_tokens'}} and extras {'vocab': <allennlp.data.vocabulary.Vocabulary object at 0x2aabed8e3940>}
2018-11-22 12:06:16,128 - INFO - allennlp.common.params - model.source_embedder.type = basic
2018-11-22 12:06:16,128 - INFO - allennlp.common.params - model.source_embedder.embedder_to_indexer_map = None
2018-11-22 12:06:16,128 - INFO - allennlp.common.params - model.source_embedder.allow_unmatched_keys = False
2018-11-22 12:06:16,129 - INFO - allennlp.common.params - model.source_embedder.token_embedders = None
2018-11-22 12:06:16,129 - INFO - allennlp.common.from_params - instantiating class <class 'allennlp.modules.token_embedders.token_embedder.TokenEmbedder'> from params {'embedding_dim': 300, 'trainable': True, 'type': 'embedding', 'vocab_namespace': 'source_tokens'} and extras {'vocab': <allennlp.data.vocabulary.Vocabulary object at 0x2aabed8e3940>}
2018-11-22 12:06:16,129 - INFO - allennlp.common.params - model.source_embedder.tokens.type = embedding
2018-11-22 12:06:16,129 - INFO - allennlp.common.params - model.source_embedder.tokens.num_embeddings = None
2018-11-22 12:06:16,129 - INFO - allennlp.common.params - model.source_embedder.tokens.vocab_namespace = source_tokens
2018-11-22 12:06:16,129 - INFO - allennlp.common.params - model.source_embedder.tokens.embedding_dim = 300
2018-11-22 12:06:16,129 - INFO - allennlp.common.params - model.source_embedder.tokens.pretrained_file = None
2018-11-22 12:06:16,129 - INFO - allennlp.common.params - model.source_embedder.tokens.projection_dim = None
2018-11-22 12:06:16,129 - INFO - allennlp.common.params - model.source_embedder.tokens.trainable = True
2018-11-22 12:06:16,130 - INFO - allennlp.common.params - model.source_embedder.tokens.padding_index = None
2018-11-22 12:06:16,130 - INFO - allennlp.common.params - model.source_embedder.tokens.max_norm = None
2018-11-22 12:06:16,130 - INFO - allennlp.common.params - model.source_embedder.tokens.norm_type = 2.0
2018-11-22 12:06:16,130 - INFO - allennlp.common.params - model.source_embedder.tokens.scale_grad_by_freq = False
2018-11-22 12:06:16,130 - INFO - allennlp.common.params - model.source_embedder.tokens.sparse = False
2018-11-22 12:06:16,189 - INFO - allennlp.common.from_params - instantiating class <class 'allennlp.modules.seq2seq_encoders.seq2seq_encoder.Seq2SeqEncoder'> from params {'bidirectional': True, 'hidden_size': 300, 'input_size': 300, 'num_layers': 1, 'type': 'lstm'} and extras {'vocab': <allennlp.data.vocabulary.Vocabulary object at 0x2aabed8e3940>}
2018-11-22 12:06:16,190 - INFO - allennlp.common.params - model.encoder.type = lstm
2018-11-22 12:06:16,190 - INFO - allennlp.common.params - model.encoder.batch_first = True
2018-11-22 12:06:16,190 - INFO - allennlp.common.params - model.encoder.stateful = False
2018-11-22 12:06:16,190 - INFO - allennlp.common.params - Converting Params object to dict; logging of default values will not occur when dictionary parameters are used subsequently.
2018-11-22 12:06:16,190 - INFO - allennlp.common.params - CURRENTLY DEFINED PARAMETERS: 
2018-11-22 12:06:16,190 - INFO - allennlp.common.params - model.encoder.bidirectional = True
2018-11-22 12:06:16,190 - INFO - allennlp.common.params - model.encoder.hidden_size = 300
2018-11-22 12:06:16,190 - INFO - allennlp.common.params - model.encoder.input_size = 300
2018-11-22 12:06:16,190 - INFO - allennlp.common.params - model.encoder.num_layers = 1
2018-11-22 12:06:16,190 - INFO - allennlp.common.params - model.encoder.batch_first = True
2018-11-22 12:06:16,205 - INFO - allennlp.common.params - model.max_decoding_steps = 50
2018-11-22 12:06:16,205 - INFO - allennlp.common.from_params - instantiating class <class 'allennlp.modules.attention.attention.Attention'> from params {'type': 'dot_product'} and extras {'vocab': <allennlp.data.vocabulary.Vocabulary object at 0x2aabed8e3940>}
2018-11-22 12:06:16,205 - INFO - allennlp.common.params - model.attention.type = dot_product
2018-11-22 12:06:16,206 - INFO - allennlp.common.from_params - instantiating class <class 'allennlp.modules.attention.dot_product_attention.DotProductAttention'> from params {} and extras {'vocab': <allennlp.data.vocabulary.Vocabulary object at 0x2aabed8e3940>}
2018-11-22 12:06:16,206 - INFO - allennlp.common.params - model.attention.normalize = True
2018-11-22 12:06:16,206 - INFO - allennlp.common.params - model.beam_size = 5
2018-11-22 12:06:16,206 - INFO - allennlp.common.params - model.target_namespace = target_tokens
2018-11-22 12:06:16,206 - INFO - allennlp.common.params - model.target_embedding_dim = 300
2018-11-22 12:06:16,206 - INFO - allennlp.common.params - model.scheduled_sampling_ratio = 0.0
2018-11-22 12:06:16,525 - INFO - allennlp.common.from_params - instantiating class <class 'allennlp.data.iterators.data_iterator.DataIterator'> from params {'batch_size': 32, 'padding_noise': 0, 'sorting_keys': [['source_tokens', 'num_tokens']], 'type': 'bucket'} and extras {}
2018-11-22 12:06:16,525 - INFO - allennlp.common.params - iterator.type = bucket
2018-11-22 12:06:16,525 - INFO - allennlp.common.from_params - instantiating class <class 'allennlp.data.iterators.bucket_iterator.BucketIterator'> from params {'batch_size': 32, 'padding_noise': 0, 'sorting_keys': [['source_tokens', 'num_tokens']]} and extras {}
2018-11-22 12:06:16,525 - INFO - allennlp.common.params - iterator.sorting_keys = [['source_tokens', 'num_tokens']]
2018-11-22 12:06:16,525 - INFO - allennlp.common.params - iterator.padding_noise = 0
2018-11-22 12:06:16,525 - INFO - allennlp.common.params - iterator.biggest_batch_first = False
2018-11-22 12:06:16,526 - INFO - allennlp.common.params - iterator.batch_size = 32
2018-11-22 12:06:16,526 - INFO - allennlp.common.params - iterator.instances_per_epoch = None
2018-11-22 12:06:16,526 - INFO - allennlp.common.params - iterator.max_instances_in_memory = None
2018-11-22 12:06:16,526 - INFO - allennlp.common.params - iterator.cache_instances = False
2018-11-22 12:06:16,526 - INFO - allennlp.common.params - iterator.track_epoch = False
2018-11-22 12:06:16,526 - INFO - allennlp.common.params - iterator.maximum_samples_per_batch = None
2018-11-22 12:06:16,526 - INFO - allennlp.common.params - validation_iterator = None
2018-11-22 12:06:16,526 - INFO - allennlp.common.params - trainer.no_grad = ()
2018-11-22 12:06:16,527 - INFO - allennlp.commands.train - Following parameters are Frozen  (without gradient):
2018-11-22 12:06:16,527 - INFO - allennlp.commands.train - Following parameters are Tunable (with gradient):
2018-11-22 12:06:16,527 - INFO - allennlp.commands.train - _source_embedder.token_embedder_tokens.weight
2018-11-22 12:06:16,527 - INFO - allennlp.commands.train - _encoder._module.weight_ih_l0
2018-11-22 12:06:16,527 - INFO - allennlp.commands.train - _encoder._module.weight_hh_l0
2018-11-22 12:06:16,527 - INFO - allennlp.commands.train - _encoder._module.bias_ih_l0
2018-11-22 12:06:16,527 - INFO - allennlp.commands.train - _encoder._module.bias_hh_l0
2018-11-22 12:06:16,527 - INFO - allennlp.commands.train - _encoder._module.weight_ih_l0_reverse
2018-11-22 12:06:16,527 - INFO - allennlp.commands.train - _encoder._module.weight_hh_l0_reverse
2018-11-22 12:06:16,527 - INFO - allennlp.commands.train - _encoder._module.bias_ih_l0_reverse
2018-11-22 12:06:16,527 - INFO - allennlp.commands.train - _encoder._module.bias_hh_l0_reverse
2018-11-22 12:06:16,527 - INFO - allennlp.commands.train - _target_embedder.weight
2018-11-22 12:06:16,528 - INFO - allennlp.commands.train - _decoder_cell.weight_ih
2018-11-22 12:06:16,528 - INFO - allennlp.commands.train - _decoder_cell.weight_hh
2018-11-22 12:06:16,528 - INFO - allennlp.commands.train - _decoder_cell.bias_ih
2018-11-22 12:06:16,528 - INFO - allennlp.commands.train - _decoder_cell.bias_hh
2018-11-22 12:06:16,528 - INFO - allennlp.commands.train - _output_projection_layer.weight
2018-11-22 12:06:16,528 - INFO - allennlp.commands.train - _output_projection_layer.bias
2018-11-22 12:06:16,528 - INFO - allennlp.common.params - trainer.type = default
2018-11-22 12:06:16,528 - INFO - allennlp.common.registrable - instantiating registered subclass default of <class 'allennlp.training.trainer.Trainer'>
2018-11-22 12:06:16,528 - INFO - allennlp.common.params - trainer.patience = 10
2018-11-22 12:06:16,528 - INFO - allennlp.common.params - trainer.validation_metric = -loss
2018-11-22 12:06:16,528 - INFO - allennlp.common.params - trainer.shuffle = True
2018-11-22 12:06:16,529 - INFO - allennlp.common.params - trainer.num_epochs = 15
2018-11-22 12:06:16,529 - INFO - allennlp.common.params - trainer.cuda_device = 0
2018-11-22 12:06:16,529 - INFO - allennlp.common.params - trainer.grad_norm = None
2018-11-22 12:06:16,529 - INFO - allennlp.common.params - trainer.grad_clipping = None
2018-11-22 12:06:16,529 - INFO - allennlp.common.params - trainer.learning_rate_scheduler = None
2018-11-22 12:06:20,710 - INFO - allennlp.common.params - trainer.optimizer.type = adam
2018-11-22 12:06:20,710 - INFO - allennlp.common.params - trainer.optimizer.parameter_groups = None
2018-11-22 12:06:20,711 - INFO - allennlp.training.optimizers - Number of trainable parameters: 26515821
2018-11-22 12:06:20,711 - INFO - allennlp.common.registrable - instantiating registered subclass adam of <class 'allennlp.training.optimizers.Optimizer'>
2018-11-22 12:06:20,711 - INFO - allennlp.common.params - Converting Params object to dict; logging of default values will not occur when dictionary parameters are used subsequently.
2018-11-22 12:06:20,712 - INFO - allennlp.common.params - CURRENTLY DEFINED PARAMETERS: 
2018-11-22 12:06:20,712 - INFO - allennlp.common.params - trainer.optimizer.lr = 0.01
2018-11-22 12:06:20,712 - INFO - allennlp.common.params - trainer.num_serialized_models_to_keep = 20
2018-11-22 12:06:20,712 - INFO - allennlp.common.params - trainer.keep_serialized_model_every_num_seconds = None
2018-11-22 12:06:20,712 - INFO - allennlp.common.params - trainer.model_save_interval = None
2018-11-22 12:06:20,712 - INFO - allennlp.common.params - trainer.summary_interval = 100
2018-11-22 12:06:20,712 - INFO - allennlp.common.params - trainer.histogram_interval = None
2018-11-22 12:06:20,712 - INFO - allennlp.common.params - trainer.should_log_parameter_statistics = True
2018-11-22 12:06:20,712 - INFO - allennlp.common.params - trainer.should_log_learning_rate = False
2018-11-22 12:06:20,729 - INFO - allennlp.common.params - evaluate_on_test = False
2018-11-22 12:06:20,730 - INFO - allennlp.training.trainer - Beginning training.
2018-11-22 12:06:20,730 - INFO - allennlp.training.trainer - Epoch 0/14
2018-11-22 12:06:20,730 - INFO - allennlp.training.trainer - Peak CPU memory usage MB: 3017.872
2018-11-22 12:06:20,850 - INFO - allennlp.training.trainer - GPU 0 memory usage MB: 793
2018-11-22 12:06:20,850 - INFO - allennlp.training.trainer - GPU 1 memory usage MB: 18
2018-11-22 12:06:20,850 - INFO - allennlp.training.trainer - GPU 2 memory usage MB: 18
2018-11-22 12:06:20,850 - INFO - allennlp.training.trainer - GPU 3 memory usage MB: 18
2018-11-22 12:06:20,851 - INFO - allennlp.training.trainer - Training
  0%|          | 0/625 [00:00<?, ?it/s]
loss: 7.5628 ||:   2%|2         | 15/625 [00:10<06:57,  1.46it/s]
loss: 6.7948 ||:   9%|9         | 57/625 [00:20<05:13,  1.81it/s]
loss: 6.0906 ||:  16%|#5        | 99/625 [00:30<04:01,  2.18it/s]
loss: 5.6568 ||:  23%|##2       | 143/625 [00:40<03:07,  2.57it/s]
loss: 5.3784 ||:  30%|##9       | 187/625 [00:51<02:31,  2.90it/s]
loss: 5.1897 ||:  37%|###6      | 229/625 [01:01<02:05,  3.17it/s]
loss: 5.0549 ||:  43%|####3     | 270/625 [01:12<01:46,  3.34it/s]
loss: 4.9371 ||:  50%|#####     | 313/625 [01:22<01:27,  3.55it/s]
loss: 4.8462 ||:  57%|#####6    | 355/625 [01:32<01:12,  3.72it/s]
loss: 4.7648 ||:  64%|######3   | 397/625 [01:43<00:59,  3.81it/s]
loss: 4.6953 ||:  70%|#######   | 439/625 [01:53<00:47,  3.89it/s]
loss: 4.6475 ||:  77%|#######6  | 481/625 [02:03<00:36,  3.96it/s]
loss: 4.5959 ||:  84%|########4 | 525/625 [02:13<00:24,  4.08it/s]
loss: 4.5489 ||:  91%|#########1| 569/625 [02:24<00:13,  4.06it/s]
loss: 4.5092 ||:  98%|#########7| 612/625 [02:34<00:03,  4.10it/s]
loss: 4.4985 ||: 100%|##########| 625/625 [02:38<00:00,  3.95it/s]

2018-11-22 12:08:59,029 - INFO - allennlp.training.trainer - Validating
  0%|          | 0/94 [00:00<?, ?it/s]
loss: 4.4625 ||: 100%|##########| 94/94 [00:06<00:00, 15.05it/s]

2018-11-22 12:09:05,275 - INFO - allennlp.training.trainer -          Training |  Validation
2018-11-22 12:09:05,276 - INFO - allennlp.training.trainer - loss |     4.498  |     4.463
2018-11-22 12:09:05,822 - INFO - allennlp.training.trainer - Best validation performance so far. Copying weights to '/gs/hs0/tga-nlp-titech/matsumaru/entasum/model/ss2s3g/best.th'.
2018-11-22 12:09:05,952 - INFO - allennlp.training.trainer - Epoch duration: 00:02:45
2018-11-22 12:09:05,953 - INFO - allennlp.training.trainer - Estimated training time remaining: 0:38:33
2018-11-22 12:09:05,953 - INFO - allennlp.training.trainer - Epoch 1/14
2018-11-22 12:09:05,953 - INFO - allennlp.training.trainer - Peak CPU memory usage MB: 3096.436
2018-11-22 12:09:06,072 - INFO - allennlp.training.trainer - GPU 0 memory usage MB: 12401
2018-11-22 12:09:06,073 - INFO - allennlp.training.trainer - GPU 1 memory usage MB: 18
2018-11-22 12:09:06,073 - INFO - allennlp.training.trainer - GPU 2 memory usage MB: 18
2018-11-22 12:09:06,073 - INFO - allennlp.training.trainer - GPU 3 memory usage MB: 18
2018-11-22 12:09:06,074 - INFO - allennlp.training.trainer - Training
  0%|          | 0/625 [00:00<?, ?it/s]
loss: 3.7545 ||:   6%|6         | 39/625 [00:10<02:32,  3.83it/s]
loss: 3.7918 ||:  13%|#2        | 79/625 [00:20<02:20,  3.88it/s]
loss: 3.8021 ||:  19%|#9        | 121/625 [00:30<02:07,  3.95it/s]
loss: 3.8130 ||:  26%|##6       | 163/625 [00:40<01:56,  3.97it/s]
loss: 3.8095 ||:  33%|###2      | 204/625 [00:51<01:46,  3.94it/s]
loss: 3.8083 ||:  40%|###9      | 248/625 [01:01<01:32,  4.06it/s]
loss: 3.7982 ||:  47%|####6     | 292/625 [01:11<01:20,  4.13it/s]
loss: 3.7961 ||:  54%|#####3    | 336/625 [01:23<01:12,  3.99it/s]
loss: 3.7823 ||:  61%|######    | 380/625 [01:33<00:59,  4.09it/s]
loss: 3.7721 ||:  68%|######7   | 424/625 [01:43<00:48,  4.15it/s]
loss: 3.7738 ||:  75%|#######4  | 467/625 [01:55<00:39,  4.02it/s]
loss: 3.7638 ||:  82%|########1 | 511/625 [02:05<00:27,  4.10it/s]
loss: 3.7521 ||:  89%|########8 | 555/625 [02:15<00:16,  4.16it/s]
loss: 3.7483 ||:  96%|#########5| 599/625 [02:26<00:06,  4.19it/s]
loss: 3.7470 ||: 100%|##########| 625/625 [02:33<00:00,  4.08it/s]

2018-11-22 12:11:39,427 - INFO - allennlp.training.trainer - Validating
  0%|          | 0/94 [00:00<?, ?it/s]
loss: 4.3751 ||: 100%|##########| 94/94 [00:05<00:00, 17.28it/s]

2018-11-22 12:11:44,869 - INFO - allennlp.training.trainer -          Training |  Validation
2018-11-22 12:11:44,870 - INFO - allennlp.training.trainer - loss |     3.747  |     4.375
2018-11-22 12:11:45,217 - INFO - allennlp.training.trainer - Best validation performance so far. Copying weights to '/gs/hs0/tga-nlp-titech/matsumaru/entasum/model/ss2s3g/best.th'.
2018-11-22 12:11:45,383 - INFO - allennlp.training.trainer - Epoch duration: 00:02:39
2018-11-22 12:11:45,384 - INFO - allennlp.training.trainer - Estimated training time remaining: 0:35:10
2018-11-22 12:11:45,384 - INFO - allennlp.training.trainer - Epoch 2/14
2018-11-22 12:11:45,384 - INFO - allennlp.training.trainer - Peak CPU memory usage MB: 3112.988
2018-11-22 12:11:45,504 - INFO - allennlp.training.trainer - GPU 0 memory usage MB: 12401
2018-11-22 12:11:45,504 - INFO - allennlp.training.trainer - GPU 1 memory usage MB: 18
2018-11-22 12:11:45,505 - INFO - allennlp.training.trainer - GPU 2 memory usage MB: 18
2018-11-22 12:11:45,505 - INFO - allennlp.training.trainer - GPU 3 memory usage MB: 18
2018-11-22 12:11:45,505 - INFO - allennlp.training.trainer - Training
  0%|          | 0/625 [00:00<?, ?it/s]
loss: 3.5195 ||:   6%|6         | 40/625 [00:10<02:27,  3.97it/s]
loss: 3.5702 ||:  13%|#2        | 80/625 [00:21<02:22,  3.83it/s]
loss: 3.5571 ||:  19%|#8        | 118/625 [00:31<02:13,  3.81it/s]
loss: 3.5562 ||:  26%|##5       | 161/625 [00:41<01:57,  3.94it/s]
loss: 3.5529 ||:  33%|###2      | 204/625 [00:52<01:47,  3.93it/s]
loss: 3.5494 ||:  40%|###9      | 247/625 [01:02<01:34,  4.02it/s]
loss: 3.5367 ||:  46%|####6     | 290/625 [01:13<01:23,  3.99it/s]
loss: 3.5108 ||:  54%|#####3    | 335/625 [01:23<01:10,  4.11it/s]
loss: 3.4940 ||:  61%|######    | 381/625 [01:33<00:57,  4.23it/s]
loss: 3.4993 ||:  68%|######8   | 427/625 [01:44<00:46,  4.28it/s]
loss: 3.5049 ||:  76%|#######5  | 472/625 [01:55<00:36,  4.21it/s]
loss: 3.5084 ||:  82%|########2 | 513/625 [02:05<00:27,  4.13it/s]
loss: 3.5071 ||:  89%|########8 | 556/625 [02:16<00:16,  4.16it/s]
loss: 3.5045 ||:  96%|#########5| 599/625 [02:26<00:06,  4.12it/s]
loss: 3.5021 ||: 100%|##########| 625/625 [02:33<00:00,  4.07it/s]

2018-11-22 12:14:18,927 - INFO - allennlp.training.trainer - Validating
  0%|          | 0/94 [00:00<?, ?it/s]
loss: 4.3500 ||: 100%|##########| 94/94 [00:05<00:00, 17.28it/s]

2018-11-22 12:14:24,369 - INFO - allennlp.training.trainer -          Training |  Validation
2018-11-22 12:14:24,369 - INFO - allennlp.training.trainer - loss |     3.502  |     4.350
2018-11-22 12:14:24,715 - INFO - allennlp.training.trainer - Best validation performance so far. Copying weights to '/gs/hs0/tga-nlp-titech/matsumaru/entasum/model/ss2s3g/best.th'.
2018-11-22 12:14:24,879 - INFO - allennlp.training.trainer - Epoch duration: 00:02:39
2018-11-22 12:14:24,879 - INFO - allennlp.training.trainer - Estimated training time remaining: 0:32:16
2018-11-22 12:14:24,879 - INFO - allennlp.training.trainer - Epoch 3/14
2018-11-22 12:14:24,879 - INFO - allennlp.training.trainer - Peak CPU memory usage MB: 3115.82
2018-11-22 12:14:24,998 - INFO - allennlp.training.trainer - GPU 0 memory usage MB: 12401
2018-11-22 12:14:24,999 - INFO - allennlp.training.trainer - GPU 1 memory usage MB: 18
2018-11-22 12:14:24,999 - INFO - allennlp.training.trainer - GPU 2 memory usage MB: 18
2018-11-22 12:14:24,999 - INFO - allennlp.training.trainer - GPU 3 memory usage MB: 18
2018-11-22 12:14:24,999 - INFO - allennlp.training.trainer - Training
  0%|          | 0/625 [00:00<?, ?it/s]
loss: 3.3875 ||:   6%|5         | 37/625 [00:10<02:40,  3.67it/s]
loss: 3.3442 ||:  12%|#2        | 77/625 [00:20<02:25,  3.75it/s]
loss: 3.3287 ||:  19%|#8        | 118/625 [00:30<02:12,  3.82it/s]
loss: 3.3383 ||:  26%|##5       | 161/625 [00:40<01:58,  3.92it/s]
loss: 3.3277 ||:  32%|###2      | 203/625 [00:50<01:45,  3.99it/s]
loss: 3.3276 ||:  39%|###9      | 245/625 [01:02<01:37,  3.91it/s]
loss: 3.3320 ||:  46%|####6     | 288/625 [01:12<01:24,  4.00it/s]
loss: 3.3377 ||:  53%|#####2    | 331/625 [01:23<01:13,  3.98it/s]
loss: 3.3422 ||:  60%|#####9    | 373/625 [01:33<01:02,  4.03it/s]
loss: 3.3398 ||:  67%|######6   | 417/625 [01:43<00:50,  4.12it/s]
loss: 3.3364 ||:  74%|#######3  | 461/625 [01:53<00:39,  4.14it/s]
loss: 3.3362 ||:  81%|########  | 504/625 [02:04<00:29,  4.11it/s]
loss: 3.3240 ||:  87%|########7 | 545/625 [02:14<00:19,  4.06it/s]
loss: 3.3298 ||:  94%|#########4| 589/625 [02:25<00:08,  4.13it/s]
loss: 3.3274 ||: 100%|##########| 625/625 [02:33<00:00,  4.07it/s]

2018-11-22 12:16:58,376 - INFO - allennlp.training.trainer - Validating
  0%|          | 0/94 [00:00<?, ?it/s]
loss: 4.4147 ||: 100%|##########| 94/94 [00:05<00:00, 17.28it/s]

2018-11-22 12:17:03,816 - INFO - allennlp.training.trainer -          Training |  Validation
2018-11-22 12:17:03,816 - INFO - allennlp.training.trainer - loss |     3.327  |     4.415
2018-11-22 12:17:04,183 - INFO - allennlp.training.trainer - Epoch duration: 00:02:39
2018-11-22 12:17:04,183 - INFO - allennlp.training.trainer - Estimated training time remaining: 0:29:29
2018-11-22 12:17:04,183 - INFO - allennlp.training.trainer - Epoch 4/14
2018-11-22 12:17:04,184 - INFO - allennlp.training.trainer - Peak CPU memory usage MB: 3118.504
2018-11-22 12:17:04,304 - INFO - allennlp.training.trainer - GPU 0 memory usage MB: 12401
2018-11-22 12:17:04,304 - INFO - allennlp.training.trainer - GPU 1 memory usage MB: 18
2018-11-22 12:17:04,304 - INFO - allennlp.training.trainer - GPU 2 memory usage MB: 18
2018-11-22 12:17:04,304 - INFO - allennlp.training.trainer - GPU 3 memory usage MB: 18
2018-11-22 12:17:04,305 - INFO - allennlp.training.trainer - Training
  0%|          | 0/625 [00:00<?, ?it/s]
loss: 3.2042 ||:   6%|6         | 39/625 [00:10<02:33,  3.81it/s]
loss: 3.2000 ||:  13%|#3        | 83/625 [00:20<02:17,  3.95it/s]
loss: 3.2179 ||:  20%|##        | 127/625 [00:31<02:05,  3.97it/s]
loss: 3.2250 ||:  27%|##7       | 171/625 [00:41<01:51,  4.08it/s]
loss: 3.2179 ||:  34%|###4      | 215/625 [00:51<01:38,  4.14it/s]
loss: 3.2147 ||:  41%|####1     | 259/625 [01:02<01:27,  4.18it/s]
loss: 3.2134 ||:  48%|####8     | 302/625 [01:13<01:19,  4.08it/s]
loss: 3.2089 ||:  55%|#####4    | 342/625 [01:23<01:09,  4.05it/s]
loss: 3.2028 ||:  61%|######1   | 382/625 [01:34<01:01,  3.93it/s]
loss: 3.2013 ||:  68%|######7   | 423/625 [01:44<00:51,  3.96it/s]
loss: 3.1932 ||:  74%|#######4  | 465/625 [01:54<00:39,  4.02it/s]
loss: 3.2003 ||:  81%|########1 | 507/625 [02:04<00:29,  4.00it/s]
loss: 3.1964 ||:  88%|########8 | 551/625 [02:15<00:18,  4.09it/s]
loss: 3.1960 ||:  95%|#########5| 595/625 [02:25<00:07,  4.08it/s]
loss: 3.1955 ||: 100%|##########| 625/625 [02:33<00:00,  4.08it/s]

2018-11-22 12:19:37,526 - INFO - allennlp.training.trainer - Validating
  0%|          | 0/94 [00:00<?, ?it/s]
loss: 4.3862 ||: 100%|##########| 94/94 [00:05<00:00, 17.28it/s]

2018-11-22 12:19:42,966 - INFO - allennlp.training.trainer -          Training |  Validation
2018-11-22 12:19:42,967 - INFO - allennlp.training.trainer - loss |     3.196  |     4.386
2018-11-22 12:19:43,345 - INFO - allennlp.training.trainer - Epoch duration: 00:02:39
2018-11-22 12:19:43,346 - INFO - allennlp.training.trainer - Estimated training time remaining: 0:26:45
2018-11-22 12:19:43,346 - INFO - allennlp.training.trainer - Epoch 5/14
2018-11-22 12:19:43,346 - INFO - allennlp.training.trainer - Peak CPU memory usage MB: 3121.36
2018-11-22 12:19:43,475 - INFO - allennlp.training.trainer - GPU 0 memory usage MB: 12401
2018-11-22 12:19:43,476 - INFO - allennlp.training.trainer - GPU 1 memory usage MB: 18
2018-11-22 12:19:43,476 - INFO - allennlp.training.trainer - GPU 2 memory usage MB: 18
2018-11-22 12:19:43,476 - INFO - allennlp.training.trainer - GPU 3 memory usage MB: 18
2018-11-22 12:19:43,476 - INFO - allennlp.training.trainer - Training
  0%|          | 0/625 [00:00<?, ?it/s]
loss: 3.0813 ||:   6%|6         | 38/625 [00:10<02:36,  3.75it/s]
loss: 3.0889 ||:  13%|#2        | 79/625 [00:20<02:23,  3.82it/s]
loss: 3.0897 ||:  20%|#9        | 122/625 [00:30<02:07,  3.95it/s]
loss: 3.0869 ||:  27%|##6       | 166/625 [00:40<01:53,  4.05it/s]
loss: 3.0666 ||:  34%|###3      | 210/625 [00:51<01:41,  4.08it/s]
loss: 3.0609 ||:  40%|####      | 252/625 [01:01<01:31,  4.08it/s]
loss: 3.0686 ||:  47%|####6     | 293/625 [01:11<01:22,  4.03it/s]
loss: 3.0679 ||:  54%|#####3    | 337/625 [01:22<01:10,  4.10it/s]
loss: 3.0793 ||:  61%|######    | 380/625 [01:33<01:00,  4.04it/s]
loss: 3.0873 ||:  68%|######7   | 424/625 [01:43<00:48,  4.14it/s]
loss: 3.0939 ||:  75%|#######4  | 468/625 [01:54<00:38,  4.05it/s]
loss: 3.0882 ||:  81%|########1 | 508/625 [02:04<00:29,  4.02it/s]
loss: 3.0873 ||:  88%|########7 | 549/625 [02:14<00:18,  4.03it/s]
loss: 3.0883 ||:  94%|#########4| 590/625 [02:25<00:08,  3.95it/s]
loss: 3.0866 ||: 100%|##########| 625/625 [02:33<00:00,  4.06it/s]

2018-11-22 12:22:17,449 - INFO - allennlp.training.trainer - Validating
  0%|          | 0/94 [00:00<?, ?it/s]
loss: 4.4257 ||: 100%|##########| 94/94 [00:05<00:00, 17.29it/s]

2018-11-22 12:22:22,885 - INFO - allennlp.training.trainer -          Training |  Validation
2018-11-22 12:22:22,885 - INFO - allennlp.training.trainer - loss |     3.087  |     4.426
2018-11-22 12:22:23,245 - INFO - allennlp.training.trainer - Epoch duration: 00:02:39
2018-11-22 12:22:23,245 - INFO - allennlp.training.trainer - Estimated training time remaining: 0:24:03
2018-11-22 12:22:23,245 - INFO - allennlp.training.trainer - Epoch 6/14
2018-11-22 12:22:23,245 - INFO - allennlp.training.trainer - Peak CPU memory usage MB: 3123.904
2018-11-22 12:22:23,364 - INFO - allennlp.training.trainer - GPU 0 memory usage MB: 12401
2018-11-22 12:22:23,364 - INFO - allennlp.training.trainer - GPU 1 memory usage MB: 18
2018-11-22 12:22:23,364 - INFO - allennlp.training.trainer - GPU 2 memory usage MB: 18
2018-11-22 12:22:23,365 - INFO - allennlp.training.trainer - GPU 3 memory usage MB: 18
2018-11-22 12:22:23,365 - INFO - allennlp.training.trainer - Training
  0%|          | 0/625 [00:00<?, ?it/s]
loss: 2.9437 ||:   6%|6         | 40/625 [00:10<02:29,  3.91it/s]
loss: 2.9706 ||:  14%|#3        | 85/625 [00:20<02:13,  4.04it/s]
loss: 2.9781 ||:  21%|##        | 130/625 [00:31<02:00,  4.09it/s]
loss: 2.9856 ||:  28%|##7       | 174/625 [00:41<01:48,  4.17it/s]
loss: 3.0044 ||:  35%|###4      | 218/625 [00:52<01:39,  4.10it/s]
loss: 3.0105 ||:  41%|####1     | 258/625 [01:02<01:31,  3.99it/s]
loss: 3.0118 ||:  48%|####7     | 298/625 [01:13<01:22,  3.98it/s]
loss: 3.0138 ||:  54%|#####4    | 340/625 [01:23<01:10,  4.03it/s]
loss: 3.0049 ||:  61%|######1   | 384/625 [01:33<00:58,  4.12it/s]
loss: 2.9993 ||:  68%|######8   | 428/625 [01:44<00:48,  4.03it/s]
loss: 3.0039 ||:  75%|#######4  | 467/625 [01:55<00:39,  3.96it/s]
loss: 3.0064 ||:  81%|########  | 505/625 [02:05<00:30,  3.90it/s]
loss: 2.9958 ||:  88%|########8 | 550/625 [02:15<00:18,  4.06it/s]
loss: 2.9907 ||:  95%|#########5| 595/625 [02:26<00:07,  4.08it/s]
loss: 2.9968 ||: 100%|##########| 625/625 [02:33<00:00,  4.07it/s]

2018-11-22 12:24:56,826 - INFO - allennlp.training.trainer - Validating
  0%|          | 0/94 [00:00<?, ?it/s]
loss: 4.4673 ||: 100%|##########| 94/94 [00:05<00:00, 17.28it/s]

2018-11-22 12:25:02,267 - INFO - allennlp.training.trainer -          Training |  Validation
2018-11-22 12:25:02,268 - INFO - allennlp.training.trainer - loss |     2.997  |     4.467
2018-11-22 12:25:02,608 - INFO - allennlp.training.trainer - Epoch duration: 00:02:39
2018-11-22 12:25:02,609 - INFO - allennlp.training.trainer - Estimated training time remaining: 0:21:22
2018-11-22 12:25:02,609 - INFO - allennlp.training.trainer - Epoch 7/14
2018-11-22 12:25:02,609 - INFO - allennlp.training.trainer - Peak CPU memory usage MB: 3126.708
2018-11-22 12:25:02,720 - INFO - allennlp.training.trainer - GPU 0 memory usage MB: 12401
2018-11-22 12:25:02,720 - INFO - allennlp.training.trainer - GPU 1 memory usage MB: 18
2018-11-22 12:25:02,720 - INFO - allennlp.training.trainer - GPU 2 memory usage MB: 18
2018-11-22 12:25:02,720 - INFO - allennlp.training.trainer - GPU 3 memory usage MB: 18
2018-11-22 12:25:02,721 - INFO - allennlp.training.trainer - Training
  0%|          | 0/625 [00:00<?, ?it/s]
loss: 2.8545 ||:   6%|6         | 38/625 [00:10<02:35,  3.76it/s]
loss: 2.8623 ||:  13%|#2        | 80/625 [00:20<02:20,  3.88it/s]
loss: 2.8570 ||:  20%|#9        | 123/625 [00:30<02:06,  3.97it/s]
loss: 2.8683 ||:  27%|##6       | 166/625 [00:41<01:55,  3.96it/s]
loss: 2.8797 ||:  33%|###3      | 208/625 [00:51<01:43,  4.03it/s]
loss: 2.8967 ||:  40%|####      | 250/625 [01:02<01:35,  3.93it/s]
loss: 2.8963 ||:  47%|####6     | 291/625 [01:12<01:24,  3.96it/s]
loss: 2.8977 ||:  53%|#####3    | 333/625 [01:22<01:12,  4.02it/s]
loss: 2.8888 ||:  60%|######    | 376/625 [01:32<01:00,  4.08it/s]
loss: 2.8856 ||:  67%|######7   | 419/625 [01:43<00:50,  4.07it/s]
loss: 2.8893 ||:  74%|#######3  | 460/625 [01:53<00:40,  4.06it/s]
loss: 2.8923 ||:  81%|########  | 504/625 [02:03<00:29,  4.15it/s]
loss: 2.9004 ||:  88%|########7 | 548/625 [02:15<00:19,  3.99it/s]
loss: 2.9083 ||:  95%|#########4| 592/625 [02:26<00:08,  4.09it/s]
loss: 2.9113 ||: 100%|##########| 625/625 [02:33<00:00,  4.07it/s]

2018-11-22 12:27:36,290 - INFO - allennlp.training.trainer - Validating
  0%|          | 0/94 [00:00<?, ?it/s]
loss: 4.5163 ||: 100%|##########| 94/94 [00:05<00:00, 17.26it/s]

2018-11-22 12:27:41,739 - INFO - allennlp.training.trainer -          Training |  Validation
2018-11-22 12:27:41,739 - INFO - allennlp.training.trainer - loss |     2.911  |     4.516
2018-11-22 12:27:42,088 - INFO - allennlp.training.trainer - Epoch duration: 00:02:39
2018-11-22 12:27:42,088 - INFO - allennlp.training.trainer - Estimated training time remaining: 0:18:41
2018-11-22 12:27:42,088 - INFO - allennlp.training.trainer - Epoch 8/14
2018-11-22 12:27:42,089 - INFO - allennlp.training.trainer - Peak CPU memory usage MB: 3129.332
2018-11-22 12:27:42,202 - INFO - allennlp.training.trainer - GPU 0 memory usage MB: 12401
2018-11-22 12:27:42,202 - INFO - allennlp.training.trainer - GPU 1 memory usage MB: 18
2018-11-22 12:27:42,203 - INFO - allennlp.training.trainer - GPU 2 memory usage MB: 18
2018-11-22 12:27:42,203 - INFO - allennlp.training.trainer - GPU 3 memory usage MB: 18
2018-11-22 12:27:42,203 - INFO - allennlp.training.trainer - Training
  0%|          | 0/625 [00:00<?, ?it/s]
loss: 2.8046 ||:   6%|5         | 36/625 [00:10<02:44,  3.59it/s]
loss: 2.8048 ||:  12%|#2        | 77/625 [00:20<02:27,  3.72it/s]
loss: 2.8049 ||:  19%|#8        | 118/625 [00:30<02:13,  3.80it/s]
loss: 2.8278 ||:  26%|##5       | 161/625 [00:40<01:58,  3.92it/s]
loss: 2.8208 ||:  33%|###3      | 207/625 [00:50<01:42,  4.09it/s]
loss: 2.8144 ||:  40%|####      | 253/625 [01:01<01:29,  4.15it/s]
loss: 2.8178 ||:  47%|####7     | 296/625 [01:12<01:21,  4.01it/s]
loss: 2.8291 ||:  53%|#####3    | 334/625 [01:22<01:13,  3.94it/s]
loss: 2.8468 ||:  60%|#####9    | 372/625 [01:33<01:05,  3.84it/s]
loss: 2.8467 ||:  66%|######6   | 415/625 [01:43<00:52,  3.97it/s]
loss: 2.8463 ||:  73%|#######3  | 458/625 [01:54<00:41,  3.98it/s]
loss: 2.8475 ||:  80%|########  | 502/625 [02:04<00:30,  4.08it/s]
loss: 2.8526 ||:  87%|########7 | 546/625 [02:14<00:19,  4.09it/s]
loss: 2.8541 ||:  94%|#########4| 588/625 [02:24<00:08,  4.12it/s]
loss: 2.8490 ||: 100%|##########| 625/625 [02:33<00:00,  4.07it/s]

2018-11-22 12:30:15,672 - INFO - allennlp.training.trainer - Validating
  0%|          | 0/94 [00:00<?, ?it/s]
loss: 4.5637 ||: 100%|##########| 94/94 [00:05<00:00, 17.26it/s]

2018-11-22 12:30:21,118 - INFO - allennlp.training.trainer -          Training |  Validation
2018-11-22 12:30:21,118 - INFO - allennlp.training.trainer - loss |     2.849  |     4.564
2018-11-22 12:30:21,465 - INFO - allennlp.training.trainer - Epoch duration: 00:02:39
2018-11-22 12:30:21,466 - INFO - allennlp.training.trainer - Estimated training time remaining: 0:16:00
2018-11-22 12:30:21,466 - INFO - allennlp.training.trainer - Epoch 9/14
2018-11-22 12:30:21,466 - INFO - allennlp.training.trainer - Peak CPU memory usage MB: 3132.08
2018-11-22 12:30:21,577 - INFO - allennlp.training.trainer - GPU 0 memory usage MB: 12401
2018-11-22 12:30:21,577 - INFO - allennlp.training.trainer - GPU 1 memory usage MB: 18
2018-11-22 12:30:21,577 - INFO - allennlp.training.trainer - GPU 2 memory usage MB: 18
2018-11-22 12:30:21,577 - INFO - allennlp.training.trainer - GPU 3 memory usage MB: 18
2018-11-22 12:30:21,578 - INFO - allennlp.training.trainer - Training
  0%|          | 0/625 [00:00<?, ?it/s]
loss: 2.6991 ||:   6%|6         | 38/625 [00:10<02:37,  3.74it/s]
loss: 2.7382 ||:  13%|#2        | 81/625 [00:20<02:20,  3.87it/s]
loss: 2.7573 ||:  20%|#9        | 124/625 [00:31<02:10,  3.84it/s]
loss: 2.7755 ||:  26%|##5       | 162/625 [00:42<02:02,  3.79it/s]
loss: 2.7642 ||:  33%|###2      | 204/625 [00:52<01:47,  3.91it/s]
loss: 2.7645 ||:  40%|####      | 250/625 [01:02<01:31,  4.08it/s]
loss: 2.7661 ||:  47%|####7     | 296/625 [01:13<01:19,  4.11it/s]
loss: 2.7810 ||:  54%|#####4    | 339/625 [01:24<01:10,  4.06it/s]
loss: 2.7858 ||:  61%|######    | 381/625 [01:34<00:59,  4.09it/s]
loss: 2.7902 ||:  68%|######7   | 423/625 [01:44<00:49,  4.08it/s]
loss: 2.7923 ||:  75%|#######4  | 468/625 [01:54<00:37,  4.19it/s]
loss: 2.7962 ||:  82%|########2 | 513/625 [02:06<00:27,  4.06it/s]
loss: 2.7981 ||:  88%|########8 | 553/625 [02:16<00:17,  4.03it/s]
loss: 2.7948 ||:  95%|#########5| 596/625 [02:26<00:07,  4.09it/s]
loss: 2.7938 ||: 100%|##########| 625/625 [02:33<00:00,  4.07it/s]

2018-11-22 12:32:55,048 - INFO - allennlp.training.trainer - Validating
  0%|          | 0/94 [00:00<?, ?it/s]
loss: 4.6180 ||: 100%|##########| 94/94 [00:05<00:00, 17.23it/s]

2018-11-22 12:33:00,505 - INFO - allennlp.training.trainer -          Training |  Validation
2018-11-22 12:33:00,506 - INFO - allennlp.training.trainer - loss |     2.794  |     4.618
2018-11-22 12:33:00,875 - INFO - allennlp.training.trainer - Epoch duration: 00:02:39
2018-11-22 12:33:00,876 - INFO - allennlp.training.trainer - Estimated training time remaining: 0:13:20
2018-11-22 12:33:00,876 - INFO - allennlp.training.trainer - Epoch 10/14
2018-11-22 12:33:00,876 - INFO - allennlp.training.trainer - Peak CPU memory usage MB: 3134.82
2018-11-22 12:33:00,991 - INFO - allennlp.training.trainer - GPU 0 memory usage MB: 12401
2018-11-22 12:33:00,992 - INFO - allennlp.training.trainer - GPU 1 memory usage MB: 18
2018-11-22 12:33:00,992 - INFO - allennlp.training.trainer - GPU 2 memory usage MB: 18
2018-11-22 12:33:00,992 - INFO - allennlp.training.trainer - GPU 3 memory usage MB: 18
2018-11-22 12:33:00,992 - INFO - allennlp.training.trainer - Training
  0%|          | 0/625 [00:00<?, ?it/s]
loss: 2.7385 ||:   6%|5         | 37/625 [00:10<02:43,  3.60it/s]
loss: 2.6913 ||:  12%|#2        | 76/625 [00:20<02:28,  3.69it/s]
loss: 2.6895 ||:  19%|#8        | 117/625 [00:30<02:13,  3.80it/s]
loss: 2.7031 ||:  25%|##5       | 159/625 [00:40<01:59,  3.89it/s]
loss: 2.6938 ||:  32%|###2      | 203/625 [00:50<01:45,  4.02it/s]
loss: 2.6868 ||:  40%|###9      | 247/625 [01:00<01:32,  4.10it/s]
loss: 2.7121 ||:  47%|####6     | 291/625 [01:12<01:23,  4.00it/s]
loss: 2.7200 ||:  53%|#####3    | 332/625 [01:22<01:12,  4.02it/s]
loss: 2.7374 ||:  60%|#####9    | 374/625 [01:32<01:01,  4.06it/s]
loss: 2.7419 ||:  67%|######6   | 416/625 [01:42<00:51,  4.09it/s]
loss: 2.7422 ||:  73%|#######3  | 459/625 [01:52<00:40,  4.15it/s]
loss: 2.7424 ||:  80%|########  | 502/625 [02:03<00:29,  4.11it/s]
loss: 2.7394 ||:  87%|########7 | 544/625 [02:13<00:19,  4.12it/s]
loss: 2.7447 ||:  94%|#########3| 586/625 [02:24<00:09,  4.03it/s]
loss: 2.7475 ||: 100%|##########| 625/625 [02:33<00:00,  4.07it/s]

2018-11-22 12:35:34,608 - INFO - allennlp.training.trainer - Validating
  0%|          | 0/94 [00:00<?, ?it/s]
loss: 4.6685 ||: 100%|##########| 94/94 [00:05<00:00, 17.21it/s]

2018-11-22 12:35:40,072 - INFO - allennlp.training.trainer -          Training |  Validation
2018-11-22 12:35:40,072 - INFO - allennlp.training.trainer - loss |     2.747  |     4.668
2018-11-22 12:35:40,434 - INFO - allennlp.training.trainer - Epoch duration: 00:02:39
2018-11-22 12:35:40,434 - INFO - allennlp.training.trainer - Estimated training time remaining: 0:10:39
2018-11-22 12:35:40,434 - INFO - allennlp.training.trainer - Epoch 11/14
2018-11-22 12:35:40,434 - INFO - allennlp.training.trainer - Peak CPU memory usage MB: 3139.504
2018-11-22 12:35:40,546 - INFO - allennlp.training.trainer - GPU 0 memory usage MB: 12401
2018-11-22 12:35:40,546 - INFO - allennlp.training.trainer - GPU 1 memory usage MB: 18
2018-11-22 12:35:40,546 - INFO - allennlp.training.trainer - GPU 2 memory usage MB: 18
2018-11-22 12:35:40,546 - INFO - allennlp.training.trainer - GPU 3 memory usage MB: 18
2018-11-22 12:35:40,546 - INFO - allennlp.training.trainer - Training
  0%|          | 0/625 [00:00<?, ?it/s]
loss: 2.7045 ||:   6%|6         | 38/625 [00:10<02:37,  3.73it/s]
loss: 2.7139 ||:  12%|#2        | 77/625 [00:20<02:25,  3.76it/s]
loss: 2.7088 ||:  20%|#9        | 122/625 [00:30<02:07,  3.94it/s]
loss: 2.7284 ||:  27%|##6       | 167/625 [00:41<01:54,  4.00it/s]
loss: 2.7258 ||:  33%|###3      | 209/625 [00:51<01:43,  4.02it/s]
loss: 2.7124 ||:  41%|####      | 254/625 [01:01<01:29,  4.14it/s]
loss: 2.7080 ||:  48%|####7     | 299/625 [01:13<01:19,  4.08it/s]
loss: 2.7048 ||:  54%|#####4    | 339/625 [01:24<01:13,  3.90it/s]
loss: 2.7182 ||:  60%|######    | 378/625 [01:34<01:03,  3.87it/s]
loss: 2.7171 ||:  68%|######7   | 423/625 [01:44<00:50,  4.04it/s]
loss: 2.7198 ||:  75%|#######4  | 468/625 [01:55<00:38,  4.05it/s]
loss: 2.7166 ||:  81%|########1 | 509/625 [02:05<00:28,  4.06it/s]
loss: 2.7076 ||:  88%|########8 | 553/625 [02:15<00:17,  4.15it/s]
loss: 2.7048 ||:  96%|#########5| 597/625 [02:26<00:06,  4.13it/s]
loss: 2.7100 ||: 100%|##########| 625/625 [02:33<00:00,  4.07it/s]

2018-11-22 12:38:14,225 - INFO - allennlp.training.trainer - Validating
  0%|          | 0/94 [00:00<?, ?it/s]
loss: 4.7191 ||: 100%|##########| 94/94 [00:05<00:00, 17.19it/s]

2018-11-22 12:38:19,695 - INFO - allennlp.training.trainer -          Training |  Validation
2018-11-22 12:38:19,695 - INFO - allennlp.training.trainer - loss |     2.710  |     4.719
2018-11-22 12:38:20,036 - INFO - allennlp.training.trainer - Epoch duration: 00:02:39
2018-11-22 12:38:20,037 - INFO - allennlp.training.trainer - Estimated training time remaining: 0:07:59
2018-11-22 12:38:20,037 - INFO - allennlp.training.trainer - Epoch 12/14
2018-11-22 12:38:20,037 - INFO - allennlp.training.trainer - Peak CPU memory usage MB: 3142.42
2018-11-22 12:38:20,148 - INFO - allennlp.training.trainer - GPU 0 memory usage MB: 12401
2018-11-22 12:38:20,148 - INFO - allennlp.training.trainer - GPU 1 memory usage MB: 18
2018-11-22 12:38:20,148 - INFO - allennlp.training.trainer - GPU 2 memory usage MB: 18
2018-11-22 12:38:20,148 - INFO - allennlp.training.trainer - GPU 3 memory usage MB: 18
2018-11-22 12:38:20,149 - INFO - allennlp.training.trainer - Training
  0%|          | 0/625 [00:00<?, ?it/s]
loss: 2.6283 ||:   7%|6         | 41/625 [00:10<02:23,  4.06it/s]
loss: 2.6595 ||:  13%|#3        | 82/625 [00:20<02:16,  3.97it/s]
loss: 2.6534 ||:  20%|#9        | 124/625 [00:30<02:04,  4.04it/s]
loss: 2.6567 ||:  27%|##6       | 166/625 [00:41<01:53,  4.05it/s]
loss: 2.6708 ||:  33%|###3      | 207/625 [00:51<01:44,  4.01it/s]
loss: 2.6639 ||:  40%|###9      | 249/625 [01:01<01:32,  4.06it/s]
loss: 2.6760 ||:  47%|####6     | 291/625 [01:12<01:22,  4.05it/s]
loss: 2.6869 ||:  53%|#####3    | 333/625 [01:22<01:11,  4.06it/s]
loss: 2.6858 ||:  60%|#####9    | 374/625 [01:32<01:02,  4.04it/s]
loss: 2.6713 ||:  67%|######7   | 419/625 [01:42<00:49,  4.15it/s]
loss: 2.6613 ||:  74%|#######4  | 464/625 [01:53<00:38,  4.21it/s]
loss: 2.6608 ||:  81%|########1 | 508/625 [02:04<00:28,  4.09it/s]
loss: 2.6608 ||:  88%|########8 | 551/625 [02:14<00:17,  4.14it/s]
loss: 2.6677 ||:  95%|#########5| 594/625 [02:25<00:07,  4.11it/s]
loss: 2.6677 ||: 100%|##########| 625/625 [02:33<00:00,  4.07it/s]

2018-11-22 12:40:53,766 - INFO - allennlp.training.trainer - Validating
  0%|          | 0/94 [00:00<?, ?it/s]
loss: 4.7848 ||: 100%|##########| 94/94 [00:05<00:00, 17.13it/s]

2018-11-22 12:40:59,254 - INFO - allennlp.training.trainer - Ran out of patience.  Stopping training.
2018-11-22 12:40:59,255 - INFO - allennlp.models.archival - archiving weights and vocabulary to /gs/hs0/tga-nlp-titech/matsumaru/entasum/model/ss2s3g/model.tar.gz
2018-11-22 12:41:04,266 - INFO - allennlp.commands.train - Loading the best epoch weights.
2018-11-22 12:41:04,332 - INFO - allennlp.common.util - Metrics: {
  "training_duration": "00:31:58",
  "training_start_epoch": 0,
  "training_epochs": 11,
  "epoch": 11,
  "training_loss": 2.7100198375701905,
  "validation_loss": 4.71910433059043,
  "best_epoch": 2,
  "best_validation_loss": 4.349959429274214
}
[INFO/MainProcess] process shutting down
2018-11-22 14:31:23,988 - INFO - allennlp.common.registrable - instantiating registered subclass relu of <class 'allennlp.nn.activations.Activation'>
2018-11-22 14:31:23,990 - INFO - allennlp.common.registrable - instantiating registered subclass relu of <class 'allennlp.nn.activations.Activation'>
2018-11-22 14:31:23,992 - INFO - allennlp.common.registrable - instantiating registered subclass relu of <class 'allennlp.nn.activations.Activation'>
2018-11-22 14:31:23,994 - INFO - allennlp.common.registrable - instantiating registered subclass relu of <class 'allennlp.nn.activations.Activation'>
2018-11-22 14:31:24,946 - INFO - allennlp.common.params - random_seed = 13370
2018-11-22 14:31:24,946 - INFO - allennlp.common.params - numpy_seed = 1337
2018-11-22 14:31:24,946 - INFO - allennlp.common.params - pytorch_seed = 133
2018-11-22 14:31:24,950 - INFO - allennlp.common.checks - Pytorch version: 0.4.1
2018-11-22 14:31:25,051 - INFO - allennlp.common.from_params - instantiating class <class 'allennlp.data.dataset_readers.dataset_reader.DatasetReader'> from params {'source_token_indexers': {'tokens': {'namespace': 'source_tokens', 'type': 'single_id'}}, 'target_token_indexers': {'tokens': {'namespace': 'target_tokens'}}, 'type': 'seq2seq'} and extras {}
2018-11-22 14:31:25,052 - INFO - allennlp.common.params - dataset_reader.type = seq2seq
2018-11-22 14:31:25,052 - INFO - allennlp.common.from_params - instantiating class <class 'allennlp.data.dataset_readers.seq2seq.Seq2SeqDatasetReader'> from params {'source_token_indexers': {'tokens': {'namespace': 'source_tokens', 'type': 'single_id'}}, 'target_token_indexers': {'tokens': {'namespace': 'target_tokens'}}} and extras {}
2018-11-22 14:31:25,052 - INFO - allennlp.common.from_params - instantiating class allennlp.data.token_indexers.token_indexer.TokenIndexer from params {'namespace': 'source_tokens', 'type': 'single_id'} and extras {}
2018-11-22 14:31:25,053 - INFO - allennlp.common.params - dataset_reader.source_token_indexers.tokens.type = single_id
2018-11-22 14:31:25,053 - INFO - allennlp.common.from_params - instantiating class allennlp.data.token_indexers.single_id_token_indexer.SingleIdTokenIndexer from params {'namespace': 'source_tokens'} and extras {}
2018-11-22 14:31:25,053 - INFO - allennlp.common.params - dataset_reader.source_token_indexers.tokens.namespace = source_tokens
2018-11-22 14:31:25,053 - INFO - allennlp.common.params - dataset_reader.source_token_indexers.tokens.lowercase_tokens = False
2018-11-22 14:31:25,053 - INFO - allennlp.common.params - dataset_reader.source_token_indexers.tokens.start_tokens = None
2018-11-22 14:31:25,053 - INFO - allennlp.common.params - dataset_reader.source_token_indexers.tokens.end_tokens = None
2018-11-22 14:31:25,053 - INFO - allennlp.common.from_params - instantiating class allennlp.data.token_indexers.token_indexer.TokenIndexer from params {'namespace': 'target_tokens'} and extras {}
2018-11-22 14:31:25,053 - INFO - allennlp.common.params - dataset_reader.target_token_indexers.tokens.type = single_id
2018-11-22 14:31:25,054 - INFO - allennlp.common.from_params - instantiating class allennlp.data.token_indexers.single_id_token_indexer.SingleIdTokenIndexer from params {'namespace': 'target_tokens'} and extras {}
2018-11-22 14:31:25,054 - INFO - allennlp.common.params - dataset_reader.target_token_indexers.tokens.namespace = target_tokens
2018-11-22 14:31:25,054 - INFO - allennlp.common.params - dataset_reader.target_token_indexers.tokens.lowercase_tokens = False
2018-11-22 14:31:25,054 - INFO - allennlp.common.params - dataset_reader.target_token_indexers.tokens.start_tokens = None
2018-11-22 14:31:25,054 - INFO - allennlp.common.params - dataset_reader.target_token_indexers.tokens.end_tokens = None
2018-11-22 14:31:25,054 - INFO - allennlp.common.params - dataset_reader.source_add_start_token = True
2018-11-22 14:31:25,054 - INFO - allennlp.common.params - dataset_reader.lazy = False
2018-11-22 14:31:25,525 - INFO - allennlp.common.params - validation_dataset_reader = None
2018-11-22 14:31:25,526 - INFO - allennlp.common.params - train_data_path = /home/6/18M31289/groupdisk/matsumaru/data/wmt14_ende_sp/train50.ende
2018-11-22 14:31:25,526 - INFO - allennlp.commands.train - Reading training data from /home/6/18M31289/groupdisk/matsumaru/data/wmt14_ende_sp/train50.ende
0it [00:00, ?it/s]
2018-11-22 14:31:25,528 - INFO - allennlp.data.dataset_readers.seq2seq - Reading instances from lines in file at: /home/6/18M31289/groupdisk/matsumaru/data/wmt14_ende_sp/train50.ende
6318it [00:10, 631.72it/s]
13264it [00:20, 646.59it/s]
20491it [00:30, 667.67it/s]
27718it [00:40, 667.73it/s]
34549it [00:50, 672.25it/s]
41755it [01:00, 686.03it/s]
48961it [01:11, 688.41it/s]
55902it [01:21, 687.43it/s]
63507it [01:31, 707.83it/s]
71112it [01:42, 697.93it/s]
78686it [01:52, 714.75it/s]
86260it [02:02, 722.17it/s]
93662it [02:14, 705.93it/s]
101190it [02:24, 719.36it/s]
109017it [02:34, 737.22it/s]
116843it [02:46, 709.57it/s]
124170it [02:56, 716.35it/s]
131497it [03:06, 720.18it/s]
138790it [03:17, 693.29it/s]
146360it [03:27, 711.20it/s]
153929it [03:37, 717.07it/s]
161316it [03:47, 723.42it/s]
169134it [03:57, 739.97it/s]
176952it [04:10, 698.82it/s]
184765it [04:20, 721.67it/s]
192661it [04:30, 740.77it/s]
200557it [04:40, 744.35it/s]
208117it [04:50, 747.79it/s]
215677it [05:03, 690.87it/s]
223735it [05:13, 721.75it/s]
231793it [05:24, 736.64it/s]
239818it [05:34, 755.21it/s]
247842it [05:44, 764.17it/s]
255702it [05:54, 767.05it/s]
263817it [06:04, 779.86it/s]
271932it [06:18, 705.33it/s]
279591it [06:28, 722.47it/s]
287674it [06:38, 746.23it/s]
295757it [06:49, 754.77it/s]
303594it [06:59, 763.17it/s]
311521it [07:09, 771.73it/s]
319446it [07:19, 768.45it/s]
327200it [07:29, 770.50it/s]
335044it [07:39, 774.61it/s]
342888it [07:54, 671.59it/s]
350197it [08:04, 688.33it/s]
357506it [08:15, 696.39it/s]
364666it [08:25, 697.38it/s]
371920it [08:35, 705.54it/s]
379174it [08:45, 710.25it/s]
386389it [08:56, 692.28it/s]
393883it [09:06, 708.46it/s]
401377it [09:17, 706.49it/s]
408579it [09:27, 710.51it/s]
415780it [09:37, 707.52it/s]
422787it [09:53, 599.07it/s]
430136it [10:03, 634.23it/s]
437485it [10:13, 650.01it/s]
445214it [10:23, 682.56it/s]
452943it [10:35, 678.97it/s]
460479it [10:45, 699.75it/s]
468015it [10:55, 704.49it/s]
475385it [11:05, 713.93it/s]
482755it [11:16, 699.57it/s]
489996it [11:26, 706.73it/s]
497236it [11:37, 701.09it/s]
504398it [11:47, 705.55it/s]
511797it [11:57, 715.47it/s]
519195it [12:15, 588.50it/s]
526215it [12:25, 618.49it/s]
533259it [12:35, 641.98it/s]
540303it [12:45, 659.50it/s]
547502it [12:55, 676.50it/s]
554777it [13:05, 691.03it/s]
562052it [13:15, 696.99it/s]
569298it [13:25, 705.04it/s]
576544it [13:35, 707.73it/s]
583685it [13:46, 702.19it/s]
591052it [13:56, 712.15it/s]
598418it [14:07, 698.90it/s]
606048it [14:17, 716.96it/s]
613678it [14:27, 711.31it/s]
620688it [14:37, 708.14it/s]
627772it [14:47, 708.19it/s]
634859it [14:57, 708.34it/s]
642322it [15:07, 719.30it/s]
649785it [15:27, 567.17it/s]
657064it [15:37, 607.38it/s]
664342it [15:47, 637.51it/s]
671552it [15:58, 654.66it/s]
679034it [16:08, 680.13it/s]
686515it [16:18, 698.01it/s]
694821it [16:28, 733.09it/s]
703126it [16:38, 755.61it/s]
711266it [16:48, 770.46it/s]
719705it [16:58, 791.10it/s]
728144it [17:08, 798.87it/s]
736320it [17:18, 801.88it/s]
744411it [17:28, 802.60it/s]
752856it [17:38, 814.69it/s]
761340it [17:48, 824.52it/s]
769824it [17:58, 830.46it/s]
778271it [18:08, 834.53it/s]
786713it [18:19, 823.23it/s]
794869it [18:29, 820.90it/s]
803247it [18:39, 825.89it/s]
811625it [19:01, 616.71it/s]
818568it [19:11, 638.09it/s]
825833it [19:21, 662.27it/s]
833098it [19:31, 678.77it/s]
840440it [19:41, 694.48it/s]
847782it [19:51, 700.16it/s]
854954it [20:01, 705.16it/s]
862126it [20:11, 703.69it/s]
869407it [20:21, 710.82it/s]
876688it [20:31, 710.86it/s]
883798it [20:41, 710.42it/s]
890892it [20:52, 706.68it/s]
897874it [21:02, 703.59it/s]
905102it [21:12, 709.20it/s]
912329it [21:22, 710.53it/s]
919466it [21:32, 707.82it/s]
926580it [21:42, 708.85it/s]
933693it [21:52, 704.78it/s]
940933it [22:02, 710.42it/s]
948239it [22:12, 716.35it/s]
955545it [22:23, 712.49it/s]
962582it [22:33, 709.54it/s]
969610it [22:43, 707.03it/s]
976674it [22:53, 706.80it/s]
983737it [23:03, 706.39it/s]
990893it [23:13, 709.12it/s]
998049it [23:23, 705.21it/s]
1005187it [23:33, 707.75it/s]
1012325it [23:43, 707.73it/s]
1019402it [24:07, 501.92it/s]
1026235it [24:17, 545.33it/s]
1033152it [24:27, 582.29it/s]
1040166it [24:37, 613.55it/s]
1047180it [24:47, 636.66it/s]
1054161it [24:57, 648.62it/s]
1061381it [25:07, 669.01it/s]
1068601it [25:18, 669.37it/s]
1075795it [25:28, 683.61it/s]
1082991it [25:38, 694.02it/s]
1090187it [25:48, 694.74it/s]
1097340it [25:58, 700.76it/s]
1104493it [26:08, 702.08it/s]
1111599it [26:18, 704.58it/s]
1118735it [26:28, 707.26it/s]
1125871it [26:39, 703.12it/s]
1132850it [26:49, 701.51it/s]
1139828it [26:59, 699.83it/s]
1146801it [27:09, 698.99it/s]
1153811it [27:19, 699.58it/s]
1161058it [27:29, 706.91it/s]
1168305it [27:39, 709.86it/s]
1175474it [27:49, 703.02it/s]
1182360it [27:59, 698.59it/s]
1189515it [28:09, 703.56it/s]
1196670it [28:19, 701.43it/s]
1203774it [28:29, 704.10it/s]
1210969it [28:39, 708.62it/s]
1218163it [28:50, 705.37it/s]
1225156it [29:00, 703.51it/s]
1232318it [29:10, 707.27it/s]
1239480it [29:21, 690.95it/s]
1246381it [29:31, 690.67it/s]
1253541it [29:41, 698.07it/s]
1260701it [29:51, 694.49it/s]
1267564it [30:18, 457.65it/s]
1274753it [30:28, 513.64it/s]
1281971it [30:38, 562.28it/s]
1289189it [30:48, 599.16it/s]
1296264it [30:58, 622.97it/s]
1303281it [31:08, 644.65it/s]
1310324it [31:18, 661.45it/s]
1317470it [31:28, 676.54it/s]
1324616it [31:39, 685.76it/s]
1331929it [31:49, 698.80it/s]
1339242it [31:59, 697.50it/s]
1346198it [32:09, 696.92it/s]
1353370it [32:19, 702.86it/s]
1360542it [32:30, 695.75it/s]
1367594it [32:40, 698.54it/s]
1374817it [32:50, 705.47it/s]
1382039it [33:00, 708.12it/s]
1389196it [33:10, 710.35it/s]
1396431it [33:20, 714.23it/s]
1403666it [33:30, 713.52it/s]
1410835it [33:40, 714.53it/s]
1418189it [33:50, 720.64it/s]
1425543it [34:01, 712.81it/s]
1432770it [34:11, 715.74it/s]
1439997it [34:21, 716.37it/s]
1447176it [34:31, 712.61it/s]
1454634it [34:41, 722.23it/s]
1462092it [34:51, 722.41it/s]
1469321it [35:01, 715.22it/s]
1476492it [35:11, 715.77it/s]
1483663it [35:22, 711.47it/s]
1490866it [35:32, 714.06it/s]
1498096it [35:42, 716.69it/s]
1505325it [35:52, 712.66it/s]
1512437it [36:02, 712.22it/s]
1519549it [36:12, 707.66it/s]
1526879it [36:22, 715.04it/s]
1534208it [36:33, 707.81it/s]
1541287it [36:43, 707.81it/s]
1548366it [36:53, 703.10it/s]
1555591it [37:03, 708.81it/s]
1562816it [37:13, 709.92it/s]
1569992it [37:23, 712.20it/s]
1577168it [37:33, 710.53it/s]
1584256it [37:43, 709.99it/s]
1591344it [38:15, 430.54it/s]
1598464it [38:25, 488.46it/s]
1605584it [38:35, 538.21it/s]
1612780it [38:45, 582.23it/s]
1620012it [38:55, 618.38it/s]
1627244it [39:05, 643.93it/s]
1634371it [39:15, 661.75it/s]
1641540it [39:25, 677.38it/s]
1648709it [39:35, 685.22it/s]
1655901it [39:45, 695.07it/s]
1663153it [39:55, 703.81it/s]
1670404it [40:06, 704.48it/s]
1677596it [40:16, 708.83it/s]
1684788it [40:26, 704.91it/s]
1691899it [40:36, 706.73it/s]
1699010it [40:46, 704.87it/s]
1706129it [40:56, 706.95it/s]
1713336it [41:06, 711.01it/s]
1720543it [41:16, 711.76it/s]
1727795it [41:26, 715.73it/s]
1735047it [41:36, 713.14it/s]
1742119it [41:47, 705.21it/s]
1749090it [41:57, 702.76it/s]
1756259it [42:07, 706.92it/s]
1763428it [42:17, 708.44it/s]
1770549it [42:27, 703.84it/s]
1777648it [42:37, 705.63it/s]
1784747it [42:48, 697.73it/s]
1791846it [42:58, 701.33it/s]
1798961it [43:08, 704.34it/s]
1806076it [43:18, 706.02it/s]
1813176it [43:28, 696.04it/s]
1820434it [43:38, 704.71it/s]
1827692it [43:49, 698.77it/s]
1834621it [43:59, 696.98it/s]
1841648it [44:09, 698.68it/s]
1848731it [44:19, 701.54it/s]
1856048it [44:29, 710.30it/s]
1863365it [44:39, 716.45it/s]
1870678it [44:49, 717.97it/s]
1878062it [44:59, 723.98it/s]
1885505it [45:09, 729.94it/s]
1892948it [45:19, 720.45it/s]
1900127it [45:29, 719.65it/s]
1907385it [45:39, 721.47it/s]
1914740it [45:49, 725.60it/s]
1922095it [46:00, 718.46it/s]
1929119it [46:10, 712.89it/s]
1936356it [46:20, 716.03it/s]
1943683it [46:30, 720.94it/s]
1951010it [46:41, 712.25it/s]
1958119it [46:51, 711.83it/s]
1965228it [47:01, 708.82it/s]
1972615it [47:11, 717.50it/s]
1980002it [47:21, 713.16it/s]
1987236it [47:31, 716.20it/s]
1994470it [48:08, 400.65it/s]
2001586it [48:18, 461.09it/s]
2008725it [48:28, 515.90it/s]
2015905it [48:38, 563.48it/s]
2023096it [48:48, 602.57it/s]
2030397it [48:58, 635.88it/s]
2037698it [49:08, 660.10it/s]
2044943it [49:18, 677.75it/s]
2052172it [49:28, 683.83it/s]
2059489it [49:38, 697.51it/s]
2066806it [49:49, 701.98it/s]
2073933it [49:59, 699.83it/s]
2081142it [50:09, 706.01it/s]
2088351it [50:19, 705.00it/s]
2095511it [50:29, 708.26it/s]
2102736it [50:39, 712.44it/s]
2109960it [50:49, 713.52it/s]
2117127it [50:59, 714.45it/s]
2124308it [51:09, 715.53it/s]
2131584it [51:19, 719.06it/s]
2138859it [51:29, 720.15it/s]
2146087it [51:39, 714.53it/s]
2153375it [51:49, 718.74it/s]
2160663it [52:00, 720.85it/s]
2167922it [52:10, 719.46it/s]
2175114it [52:20, 719.37it/s]
2182306it [52:30, 715.71it/s]
2189585it [52:40, 719.32it/s]
2196864it [52:50, 714.46it/s]
2204157it [53:00, 718.85it/s]
2211450it [53:10, 717.20it/s]
2218890it [53:20, 725.02it/s]
2226330it [53:31, 718.06it/s]
2233631it [53:41, 721.63it/s]
2240932it [53:51, 719.65it/s]
2248083it [54:01, 713.35it/s]
2255414it [54:11, 719.14it/s]
2262745it [54:22, 715.20it/s]
2269807it [54:33, 688.36it/s]
2276137it [54:43, 664.79it/s]
2282293it [54:53, 647.81it/s]
2288413it [55:03, 636.58it/s]
2294671it [55:13, 633.31it/s]
2300929it [55:23, 630.84it/s]
2307330it [55:33, 633.57it/s]
2313731it [55:44, 629.40it/s]
2320089it [55:54, 631.30it/s]
2326447it [56:04, 625.68it/s]
2332577it [56:14, 620.65it/s]
2338740it [56:24, 619.32it/s]
2344903it [56:34, 618.40it/s]
2351066it [56:44, 614.72it/s]
2357165it [56:54, 613.25it/s]
2363341it [57:04, 614.53it/s]
2369517it [57:14, 612.53it/s]
2375833it [57:24, 618.12it/s]
2382149it [57:35, 617.50it/s]
2388515it [57:45, 623.10it/s]
2394881it [57:55, 622.47it/s]
2401092it [58:05, 619.11it/s]
2407412it [58:15, 622.89it/s]
2413731it [58:25, 619.50it/s]
2419940it [58:35, 619.91it/s]
2426296it [58:45, 624.51it/s]
2432651it [58:56, 619.95it/s]
2438758it [59:06, 617.14it/s]
2444963it [59:16, 618.08it/s]
2451166it [59:26, 617.82it/s]
2457339it [59:36, 614.76it/s]
2463443it [59:46, 613.44it/s]
2469547it [59:56, 611.97it/s]
2475633it [1:00:06, 608.12it/s]
2481627it [1:00:49, 305.23it/s]
2487655it [1:00:59, 358.29it/s]
2493683it [1:01:09, 407.47it/s]
2499705it [1:01:19, 451.24it/s]
2505773it [1:01:29, 488.82it/s]
2511841it [1:01:39, 517.49it/s]
2517945it [1:01:49, 542.25it/s]
2524049it [1:01:59, 554.75it/s]
2529990it [1:02:09, 565.97it/s]
2535930it [1:02:19, 572.83it/s]
2542002it [1:02:29, 582.71it/s]
2548074it [1:02:40, 586.73it/s]
2554129it [1:02:50, 592.23it/s]
2560345it [1:03:00, 600.73it/s]
2566561it [1:03:10, 605.12it/s]
2572718it [1:03:20, 607.75it/s]
2578886it [1:03:30, 610.42it/s]
2585054it [1:03:40, 610.66it/s]
2591342it [1:03:50, 615.98it/s]
2597630it [1:04:00, 615.13it/s]
2603762it [1:04:10, 611.85it/s]
2609909it [1:04:20, 612.70it/s]
2616056it [1:04:30, 608.50it/s]
2622161it [1:04:40, 609.10it/s]
2628271it [1:04:50, 609.64it/s]
2634381it [1:05:01, 609.01it/s]
2640595it [1:05:11, 612.63it/s]
2646808it [1:05:21, 611.82it/s]
2652988it [1:05:31, 613.62it/s]
2659167it [1:05:41, 612.67it/s]
2665272it [1:05:51, 611.34it/s]
2671355it [1:06:01, 607.95it/s]
2677460it [1:06:11, 608.67it/s]
2683814it [1:06:21, 616.44it/s]
2690168it [1:06:31, 617.81it/s]
2696379it [1:06:42, 612.93it/s]
2702398it [1:06:52, 606.84it/s]
2708379it [1:07:02, 604.18it/s]
2714423it [1:07:12, 604.23it/s]
2720467it [1:07:22, 603.75it/s]
2726566it [1:07:32, 605.54it/s]
2732664it [1:07:42, 599.33it/s]
2738745it [1:07:52, 601.92it/s]
2744826it [1:08:02, 603.15it/s]
2750922it [1:08:12, 605.06it/s]
2757018it [1:08:22, 603.03it/s]
2763147it [1:08:32, 605.95it/s]
2769276it [1:08:42, 607.37it/s]
2775456it [1:08:52, 610.51it/s]
2781636it [1:09:03, 608.94it/s]
2787811it [1:09:13, 611.47it/s]
2793986it [1:09:23, 611.51it/s]
2800105it [1:09:33, 611.61it/s]
2806237it [1:09:43, 612.06it/s]
2812369it [1:09:53, 609.60it/s]
2818409it [1:10:03, 606.69it/s]
2824506it [1:10:13, 607.57it/s]
2830603it [1:10:23, 602.01it/s]
2836602it [1:10:33, 601.37it/s]
2842766it [1:10:43, 605.78it/s]
2848930it [1:10:53, 606.98it/s]
2855028it [1:11:03, 606.78it/s]
2861092it [1:11:14, 605.20it/s]
2867108it [1:11:24, 600.87it/s]
2873153it [1:11:34, 601.94it/s]
2879436it [1:11:44, 609.60it/s]
2885719it [1:11:54, 609.72it/s]
2891819it [1:12:04, 607.16it/s]
2897846it [1:12:14, 605.81it/s]
2903882it [1:12:24, 605.10it/s]
2910054it [1:12:34, 608.67it/s]
2916226it [1:12:44, 607.36it/s]
2922447it [1:12:54, 611.68it/s]
2928668it [1:13:05, 610.70it/s]
2934753it [1:13:15, 606.74it/s]
2940916it [1:13:25, 609.56it/s]
2947159it [1:13:35, 613.90it/s]
2953402it [1:13:45, 613.14it/s]
2959516it [1:13:55, 612.29it/s]
2965714it [1:14:05, 614.51it/s]
2971912it [1:14:15, 613.11it/s]
2978011it [1:14:25, 610.04it/s]
2984277it [1:14:35, 614.88it/s]
2990542it [1:14:46, 614.38it/s]
2996675it [1:14:56, 613.37it/s]
3002786it [1:15:06, 610.20it/s]
3008919it [1:15:16, 611.10it/s]
3015123it [1:15:26, 613.84it/s]
3021428it [1:15:36, 618.74it/s]
3027733it [1:15:46, 619.11it/s]
3033933it [1:15:56, 617.89it/s]
3040134it [1:16:06, 618.55it/s]
3046335it [1:16:16, 612.08it/s]
3052706it [1:16:26, 619.33it/s]
3059076it [1:16:37, 618.71it/s]
3065249it [1:17:28, 276.12it/s]
3071316it [1:17:38, 330.07it/s]
3077680it [1:17:48, 385.78it/s]
3084044it [1:17:58, 434.59it/s]
3090534it [1:18:08, 482.40it/s]
3097024it [1:18:18, 519.51it/s]
3103458it [1:18:28, 551.34it/s]
3109892it [1:18:39, 565.04it/s]
3115977it [1:18:49, 577.39it/s]
3122163it [1:18:59, 589.16it/s]
3128386it [1:19:09, 598.69it/s]
3134608it [1:19:19, 601.84it/s]
3140730it [1:19:29, 604.91it/s]
3146891it [1:19:39, 608.20it/s]
3153077it [1:19:49, 611.26it/s]
3159318it [1:19:59, 615.05it/s]
3165559it [1:20:10, 613.06it/s]
3171883it [1:20:20, 618.72it/s]
3178207it [1:20:30, 617.90it/s]
3184620it [1:20:40, 624.73it/s]
3191033it [1:20:50, 621.39it/s]
3197224it [1:21:00, 620.69it/s]
3203415it [1:21:10, 619.56it/s]
3209615it [1:21:20, 619.67it/s]
3215815it [1:21:30, 618.98it/s]
3221989it [1:21:41, 614.68it/s]
3228258it [1:21:51, 618.26it/s]
3234526it [1:22:01, 617.92it/s]
3240726it [1:22:11, 618.49it/s]
3247102it [1:22:21, 624.08it/s]
3253478it [1:22:31, 619.32it/s]
3259841it [1:22:41, 624.31it/s]
3266204it [1:22:52, 615.43it/s]
3272743it [1:23:02, 626.48it/s]
3279282it [1:23:13, 622.11it/s]
3285495it [1:23:23, 621.86it/s]
3291708it [1:23:33, 619.41it/s]
3297846it [1:23:43, 612.22it/s]
3303807it [1:23:53, 604.45it/s]
3310025it [1:24:03, 609.52it/s]
3316242it [1:24:14, 603.14it/s]
3322365it [1:24:24, 605.82it/s]
3328487it [1:24:34, 602.86it/s]
3334448it [1:24:44, 598.91it/s]
3340445it [1:24:54, 599.09it/s]
3346582it [1:25:04, 603.40it/s]
3352786it [1:25:14, 608.39it/s]
3359017it [1:25:24, 612.70it/s]
3365390it [1:25:34, 619.88it/s]
3371763it [1:25:44, 619.26it/s]
3377942it [1:25:55, 613.20it/s]
3383962it [1:26:05, 609.78it/s]
Traceback (most recent call last):
  File "/apps/t3/sles12sp2/free/python/3.6.5/gnu/lib/python3.6/runpy.py", line 193, in _run_module_as_main
    "__main__", mod_spec)
  File "/apps/t3/sles12sp2/free/python/3.6.5/gnu/lib/python3.6/runpy.py", line 85, in _run_code
    exec(code, run_globals)
  File "/home/6/18M31289/allennlp/venv/lib/python3.6/site-packages/allennlp/run.py", line 18, in <module>
    main(prog="allennlp")
  File "/home/6/18M31289/allennlp/venv/lib/python3.6/site-packages/allennlp/commands/__init__.py", line 72, in main
    args.func(args)
  File "/home/6/18M31289/allennlp/venv/lib/python3.6/site-packages/allennlp/commands/train.py", line 111, in train_model_from_args
    args.force)
  File "/home/6/18M31289/allennlp/venv/lib/python3.6/site-packages/allennlp/commands/train.py", line 142, in train_model_from_file
    return train_model(params, serialization_dir, file_friendly_logging, recover, force)
  File "/home/6/18M31289/allennlp/venv/lib/python3.6/site-packages/allennlp/commands/train.py", line 282, in train_model
    all_datasets = datasets_from_params(params)
  File "/home/6/18M31289/allennlp/venv/lib/python3.6/site-packages/allennlp/commands/train.py", line 159, in datasets_from_params
    train_data = dataset_reader.read(train_data_path)
  File "/home/6/18M31289/allennlp/venv/lib/python3.6/site-packages/allennlp/data/dataset_readers/dataset_reader.py", line 73, in read
    instances = [instance for instance in Tqdm.tqdm(instances)]
  File "/home/6/18M31289/allennlp/venv/lib/python3.6/site-packages/allennlp/data/dataset_readers/dataset_reader.py", line 73, in <listcomp>
    instances = [instance for instance in Tqdm.tqdm(instances)]
  File "/home/6/18M31289/allennlp/venv/lib/python3.6/site-packages/tqdm/_tqdm.py", line 979, in __iter__
    for obj in iterable:
  File "/home/6/18M31289/allennlp/venv/lib/python3.6/site-packages/allennlp/data/dataset_readers/seq2seq.py", line 75, in _read
    raise ConfigurationError("Invalid line format: %s (line number %d)" % (line, line_num + 1))
allennlp.common.checks.ConfigurationError: 'Invalid line format: Cor re ction s to votes and voting intentions : see Minutes\tBericht igung en des Stimm verhalten s und beabsichtigt es Stimm verhalten : siehe Protokoll \t (line number 3385684)'
[INFO/MainProcess] process shutting down

